
Showing logs for build [32mcb-kubecd-environment-pr-199-16-b8vsc-1[0m stage [32mfrom-build-pack[0m and container [32mstep-credential-initializer-5b5m7[0m
{"level":"warn","ts":1586842690.4643426,"logger":"fallback-logger","caller":"logging/config.go:69","msg":"Fetch GitHub commit ID from kodata failed: \"ref: refs/heads/0.8.0-**-support-backwards-incompats\" is not a valid GitHub commit ID"}
{"level":"info","ts":1586842690.4649603,"logger":"fallback-logger","caller":"creds-init/main.go:40","msg":"Credentials initialized."}

Showing logs for build [32mcb-kubecd-environment-pr-199-16-b8vsc-1[0m stage [32mfrom-build-pack[0m and container [32mstep-working-dir-initializer-jqjd7[0m
{"level":"warn","ts":1586842691.7973201,"logger":"fallback-logger","caller":"logging/config.go:69","msg":"Fetch GitHub commit ID from kodata failed: open /var/run/ko/HEAD: no such file or directory"}
{"level":"info","ts":1586842691.8043616,"logger":"fallback-logger","caller":"bash/main.go:64","msg":"Successfully executed command \"sh -c mkdir -p /workspace/source\"; output "}

Showing logs for build [32mcb-kubecd-environment-pr-199-16-b8vsc-1[0m stage [32mfrom-build-pack[0m and container [32mstep-place-tools[0m

Showing logs for build [32mcb-kubecd-environment-pr-199-16-b8vsc-1[0m stage [32mfrom-build-pack[0m and container [32mstep-git-source-cb-kubecd-environment-pr-199-16-b8vsc-vnqlv[0m
{"level":"warn","ts":1586842695.9222994,"logger":"fallback-logger","caller":"logging/config.go:69","msg":"Fetch GitHub commit ID from kodata failed: \"ref: refs/heads/0.8.0-**-support-backwards-incompats\" is not a valid GitHub commit ID"}
{"level":"info","ts":1586842697.0106657,"logger":"fallback-logger","caller":"git/git.go:103","msg":"Successfully cloned https://github.com/cb-kubecd/environment-pr-199-169-boot-gke-staging.git @ master in path /workspace/source"}

Showing logs for build [32mcb-kubecd-environment-pr-199-16-b8vsc-1[0m stage [32mfrom-build-pack[0m and container [32mstep-git-merge[0m
Using SHAs from PULL_REFS=master:3a2f7f2844be37c8bc589c556af79bef41851f16,6:c1f475df6ddd8f0dbec5cf4f6e3b6f0a9d6ada43
DEBUG: LC_ALL=C JX_LOG_LEVEL=error git fetch origin --unshallow c1f475df6ddd8f0dbec5cf4f6e3b6f0a9d6ada43: 3a2f7f2844be37c8bc589c556af79bef41851f16:
DEBUG: ran git fetch --unshallow origin c1f475df6ddd8f0dbec5cf4f6e3b6f0a9d6ada43: 3a2f7f2844be37c8bc589c556af79bef41851f16: in 
DEBUG: LC_ALL=C JX_LOG_LEVEL=error git branch
DEBUG: JX_LOG_LEVEL=error LC_ALL=C git checkout master
DEBUG: ran git checkout master in 
DEBUG: LC_ALL=C JX_LOG_LEVEL=error git reset --hard 3a2f7f2844be37c8bc589c556af79bef41851f16
DEBUG: ran git reset --hard 3a2f7f2844be37c8bc589c556af79bef41851f16 in 
DEBUG: LC_ALL=C JX_LOG_LEVEL=error git clean -fd .
DEBUG: ran clean --force -d . in 
DEBUG: LC_ALL=C JX_LOG_LEVEL=error git merge c1f475df6ddd8f0dbec5cf4f6e3b6f0a9d6ada43
DEBUG: ran git merge c1f475df6ddd8f0dbec5cf4f6e3b6f0a9d6ada43 in 
DEBUG: JX_LOG_LEVEL=error LC_ALL=C git log --format=%H%x1f%an%x1f%ae%x1f%cn%x1f%ce%x1f%s%n%b%x1e 3a2f7f2844be37c8bc589c556af79bef41851f16..HEAD
Merged SHA c1f475df6ddd8f0dbec5cf4f6e3b6f0a9d6ada43 with commit message 'chore: Promote bdd-sbrp-import-1586841830 to version 0.0.1' into base branch master

Showing logs for build [32mcb-kubecd-environment-pr-199-16-b8vsc-1[0m stage [32mfrom-build-pack[0m and container [32mstep-build-helm-build[0m
WARNING: No $CHART_REPOSITORY defined so using the default value of: http://jenkins-x-chartmuseum:8080
Adding missing Helm repo: storage.googleapis.com https://storage.googleapis.com/chartmuseum.jenkins-x.io
WARNING: No secrets found on "helm/repos" due: reading the secret "helm/repos" from vault: no secret "helm/repos" not found in vault
Read credentials for https://storage.googleapis.com/chartmuseum.jenkins-x.io from vault helm/repos
Successfully added Helm repository storage.googleapis.com.
Adding missing Helm repo: jenkins-x-chartmuseum http://jenkins-x-chartmuseum:8080
WARNING: No secrets found on "helm/repos" due: reading the secret "helm/repos" from vault: no secret "helm/repos" not found in vault
Read credentials for http://jenkins-x-chartmuseum:8080 from vault helm/repos
Successfully added Helm repository jenkins-x-chartmuseum.
WARNING: No $CHART_REPOSITORY defined so using the default value of: http://jenkins-x-chartmuseum:8080
Adding missing Helm repo: chartmuseum.jenkins-x.io http://chartmuseum.jenkins-x.io
WARNING: No secrets found on "helm/repos" due: reading the secret "helm/repos" from vault: no secret "helm/repos" not found in vault
Read credentials for http://chartmuseum.jenkins-x.io from vault helm/repos
Successfully added Helm repository chartmuseum.jenkins-x.io.
